********************************************************************************
DUPLICATOR-LITE PACKAGE-LOG: September 25, 2021 8:02 am
NOTICE: Do NOT post to public sites or forums 
********************************************************************************
VERSION:	1.4.3
WORDPRESS:	5.8.1
PHP INFO:	8.0.10 | SAPI: apache2handler
SERVER:		Apache/2.4.48 (Win64) OpenSSL/1.1.1l PHP/8.0.10 
PHP TIME LIMIT: (0) no time limit imposed 
PHP MAX MEMORY: 4294967296 (512M default) 
MEMORY STACK: 8MB

********************************************************************************
DATABASE:
********************************************************************************
BUILD MODE:   MYSQLDUMP
MYSQLTIMEOUT: 5000
MYSQLDUMP:    Is Supported
SQL CREATED: 20210925_dental_e3816c0a8ce649c77278_20210925080154_database.sql
SQL FILE SIZE: 2.26MB (2365218)
SQL FILE TIME: 2021-09-25 08:02:58
SQL RUNTIME: 17.76 sec.

********************************************************************************
ARCHIVE (ZIP):
********************************************************************************
ARCHIVE DIR:  C:/xampp/htdocs/dental
ARCHIVE FILE: 20210925_dental_e3816c0a8ce649c77278_20210925080154_archive.zip
FILTERS: *OFF*
DIRS:
	not set
FILES:
	not set
EXTS:  not set
----------------------------------------
COMPRESSING
SIZE:	119.25MB
STATS:	Dirs 928 | Files 7,447
SQL ADDED: 20210925_dental_e3816c0a8ce649c77278_20210925080154_database.sql
ZipArchive Object
(
    [lastId] => 8374
    [status] => 0
    [statusSys] => 0
    [numFiles] => 8375
    [filename] => C:\xampp\htdocs\dental\wp-content\backups-dup-lite\tmp\20210925_dental_e3816c0a8ce649c77278_20210925080154_archive.zip
    [comment] => 
)

FILE ADDED TO ZIP: 8374
COMPRESSION RESULT: '1'
COMPRESSED SIZE: 52.17MB
ARCHIVE RUNTIME: 86.21 sec.
MEMORY STACK: 10MB
building installer
add_extra_files1
add_extra_files2
add_extra_files3
add_extra_files4
Doing archive file check
add_extra_files5
add_extra_files6
add_extra_files8
Successfully opened zip C:/xampp/htdocs/dental/wp-content/backups-dup-lite/tmp/20210925_dental_e3816c0a8ce649c77278_20210925080154_archive.zip
Adding enhanced installer files to archive using ZipArchive
Installer files added to archive
Added to archive
After ziparchive close when adding installer

********************************************************************************
INTEGRITY CHECKS:
********************************************************************************
SQL FILE: 2.26MB
INSTALLER FILE: 64.25KB
ARCHIVE FILE: 53.23MB 
EXPECTED FILE/DIRECTORY COUNT: 8,375
ACTUAL FILE/DIRECTORY COUNT: 8,374
ARCHIVE CONSISTENCY TEST: Pass

********************************************************************************
RECORD ID:[1]
TOTAL PROCESS RUNTIME: 109.26 sec.
PEAK PHP MEMORY USED: 10MB
DONE PROCESSING => 20210925_dental September 25, 2021 8:04 am

